<?xml version="1.0" encoding="UTF-8"?>
<!-- Generated by org.testng.reporters.JUnitReportReporter -->
<testsuite hostname="DESKTOP-CKVK8TG" failures="0" tests="3" name="testGmail.TestGmail" time="56.977" errors="0" timestamp="2021-08-10T00:14:55 IST" skipped="0">
  <testcase classname="testGmail.TestGmail" name="searchForEbay" time="11.564"/>
  <system-out/>
  <testcase classname="testGmail.TestGmail" name="signInToEbay" time="42.382"/>
  <system-out/>
  <testcase classname="testGmail.TestGmail" name="verifyPageTitle" time="3.031"/>
  <system-out/>
</testsuite> <!-- testGmail.TestGmail -->
