<?xml version="1.0" encoding="UTF-8"?>
<!-- Generated by org.testng.reporters.JUnitReportReporter -->
<testsuite hostname="DESKTOP-CKVK8TG" failures="0" tests="3" name="testEbay.TestEbay" time="50.760" errors="0" timestamp="2021-08-09T23:58:05 IST" skipped="0">
  <testcase classname="testEbay.TestEbay" name="searchForEbay" time="12.930"/>
  <system-out/>
  <testcase classname="testEbay.TestEbay" name="signInToEbay" time="37.807"/>
  <system-out/>
  <testcase classname="testEbay.TestEbay" name="verifyPageTitle" time="0.023"/>
  <system-out/>
</testsuite> <!-- testEbay.TestEbay -->
